<epcisq:Subscribe xmlns:epcisq="urn:epcglobal:epcis-query:xsd:1">
	<queryName>SimpleEventQuery</queryName>
	<params>
		<param>
			<name>eventType</name>
			<value>
				<string>ObjectEvent</string>
			</value>
		</param>
		<param>
			<name>WD_bizLocation</name>
			<value>
				<string>urn:epcglobal:fmcg:loc:0614141073468</string>
			</value>
		</param>
	</params>
	<dest>http://192.168.0.1:8080/notificationReceiver</dest>
	<controls>
		<schedule>
			<second>0</second>
			<minute>0</minute>
		</schedule>
		<!-- NOTE: The value for initialRecordTime should be set according
			to the prepared event data. -->
		<initialRecordTime>2006-07-25T09:30:00.000Z</initialRecordTime>
		<reportIfEmpty>false</reportIfEmpty>
	</controls>
	<subscriptionID>QuerySE66</subscriptionID>
</epcisq:Subscribe>
