<epcisq:Poll xmlns:epcisq="urn:epcglobal:epcis-query:xsd:1">
	<queryName>SimpleEventQuery</queryName>
	<params>
		<param>
			<name>EQ_bizStep</name>
			<value>
				<string>urn:epcglobal:hls:bizstep:commissioning</string>
			</value>
		</param>
	</params>
</epcisq:Poll>
